<?xml version="1.0" encoding="UTF-8"?>
<!-- Generated by org.testng.reporters.JUnitReportReporter -->
<testsuite skipped="0" hostname="Anujs-MacBook-Air.local" name="jsonproject.DDTestUsingJSON" tests="1" failures="0" timestamp="2022-07-01T17:22:10 IST" time="0.007" errors="0">
  <testcase name="login" time="0.007" classname="jsonproject.DDTestUsingJSON"/>
  <system-out/>
</testsuite> <!-- jsonproject.DDTestUsingJSON -->
