<?xml version="1.0" encoding="UTF-8"?>
<!-- Generated by org.testng.reporters.JUnitReportReporter -->
<testsuite hostname="Anujs-MacBook-Air.local" failures="0" tests="1" name="jsonproject.DDTestUsingJSON" time="0.000" errors="0" timestamp="2022-07-04T14:38:07 IST" skipped="1">
  <testcase classname="jsonproject.DDTestUsingJSON" name="Operation" time="0.000">
    <skipped/>
  </testcase> <!-- Operation -->
  <system-out/>
</testsuite> <!-- jsonproject.DDTestUsingJSON -->
